#
# There is insufficient memory for the Java Runtime Environment to continue.
# Native memory allocation (malloc) failed to allocate 32744 bytes for ChunkPool::allocate
# Possible reasons:
#   The system is out of physical RAM or swap space
#   In 32 bit mode, the process size limit was hit
# Possible solutions:
#   Reduce memory load on the system
#   Increase physical memory or swap space
#   Check if swap backing store is full
#   Use 64 bit Java on a 64 bit OS
#   Decrease Java heap size (-Xmx/-Xms)
#   Decrease number of Java threads
#   Decrease Java thread stack sizes (-Xss)
#   Set larger code cache with -XX:ReservedCodeCacheSize=
# This output file may be truncated or incomplete.
#
#  Out of Memory Error (allocation.cpp:273), pid=17220, tid=0x000000000000299c
#
# JRE version: Java(TM) SE Runtime Environment (8.0_181-b13) (build 1.8.0_181-b13)
# Java VM: Java HotSpot(TM) 64-Bit Server VM (25.181-b13 mixed mode windows-amd64 compressed oops)
# Failed to write core dump. Minidumps are not enabled by default on client versions of Windows
#

---------------  T H R E A D  ---------------

Current thread (0x000000001b165000):  JavaThread "C1 CompilerThread3" daemon [_thread_in_native, id=10652, stack(0x000000001b9f0000,0x000000001baf0000)]

Stack: [0x000000001b9f0000,0x000000001baf0000]
[error occurred during error reporting (printing stack bounds), id 0xc0000005]

Native frames: (J=compiled Java code, j=interpreted, Vv=VM code, C=native code)


Current CompileTask:
C1:   7385 4414   !   1       org.springframework.beans.factory.support.ConstructorResolver::instantiateUsingFactoryMethod (1426 bytes)


---------------  P R O C E S S  ---------------

Java Threads: ( => current thread )
  0x000000001ec03800 JavaThread "container-0" [_thread_blocked, id=10212, stack(0x0000000020340000,0x0000000020440000)]
  0x000000001ec05000 JavaThread "ContainerBackgroundProcessor[StandardEngine[Tomcat]]" daemon [_thread_blocked, id=1800, stack(0x0000000020240000,0x0000000020340000)]
  0x000000001ec09800 JavaThread "spring.cloud.inetutils" daemon [_thread_blocked, id=16892, stack(0x000000001fe40000,0x000000001ff40000)]
  0x000000001ebf2800 JavaThread "Abandoned connection cleanup thread" daemon [_thread_blocked, id=9400, stack(0x000000001fd40000,0x000000001fe40000)]
  0x000000001ebd0000 JavaThread "SimplePauseDetectorThread_0" daemon [_thread_blocked, id=9884, stack(0x000000001fc40000,0x000000001fd40000)]
  0x000000001ebce800 JavaThread "Thread-12" daemon [_thread_blocked, id=8804, stack(0x000000001fb40000,0x000000001fc40000)]
  0x000000001cfc7800 JavaThread "localhost-startStop-1" daemon [_thread_blocked, id=14532, stack(0x000000001e870000,0x000000001e970000)]
  0x000000001cfc7000 JavaThread "Tomcat-startStop-1" daemon [_thread_blocked, id=16772, stack(0x000000001db70000,0x000000001dc70000)]
  0x000000001c2f9000 JavaThread "RMI Scheduler(0)" daemon [_thread_blocked, id=14392, stack(0x000000001d670000,0x000000001d770000)]
  0x000000001c214800 JavaThread "RMI TCP Connection(1)-113.250.153.174" daemon [_thread_in_native, id=856, stack(0x000000001d570000,0x000000001d670000)]
  0x000000001b425000 JavaThread "RMI TCP Accept-0" daemon [_thread_in_native, id=3916, stack(0x000000001bbf0000,0x000000001bcf0000)]
  0x000000001b1fd800 JavaThread "Service Thread" daemon [_thread_blocked, id=15024, stack(0x000000001baf0000,0x000000001bbf0000)]
=>0x000000001b165000 JavaThread "C1 CompilerThread3" daemon [_thread_in_native, id=10652, stack(0x000000001b9f0000,0x000000001baf0000)]
  0x000000001b101800 JavaThread "C2 CompilerThread2" daemon [_thread_blocked, id=10880, stack(0x000000001b8f0000,0x000000001b9f0000)]
  0x000000001b15a000 JavaThread "C2 CompilerThread1" daemon [_thread_blocked, id=15536, stack(0x000000001b7f0000,0x000000001b8f0000)]
  0x000000001b100800 JavaThread "C2 CompilerThread0" daemon [_thread_blocked, id=17336, stack(0x000000001b6f0000,0x000000001b7f0000)]
  0x000000001b10e800 JavaThread "Monitor Ctrl-Break" daemon [_thread_in_native, id=6640, stack(0x000000001b5f0000,0x000000001b6f0000)]
  0x000000001a733000 JavaThread "Attach Listener" daemon [_thread_blocked, id=1400, stack(0x000000001acf0000,0x000000001adf0000)]
  0x000000001a78b800 JavaThread "Signal Dispatcher" daemon [_thread_blocked, id=1096, stack(0x000000001abf0000,0x000000001acf0000)]
  0x0000000018825800 JavaThread "Finalizer" daemon [_thread_blocked, id=5108, stack(0x000000001aaf0000,0x000000001abf0000)]
  0x000000001881e800 JavaThread "Reference Handler" daemon [_thread_blocked, id=11468, stack(0x000000001a5f0000,0x000000001a6f0000)]
  0x00000000035ba000 JavaThread "main" [_thread_in_Java, id=7968, stack(0x00000000034b0000,0x00000000035b0000)]

Other Threads:
  0x00000000036ae800 VMThread [stack: 0x000000001a4f0000,0x000000001a5f0000] [id=10700]
  0x000000001b432800 WatcherThread [stack: 0x000000001bcf0000,0x000000001bdf0000] [id=1976]

VM state:not at safepoint (normal execution)

VM Mutex/Monitor currently owned by a thread: None

Heap:
 PSYoungGen      total 199680K, used 72201K [0x00000000d5c00000, 0x00000000e3780000, 0x0000000100000000)
  eden space 182784K, 35% used [0x00000000d5c00000,0x00000000d9bcf2d8,0x00000000e0e80000)
  from space 16896K, 40% used [0x00000000e0e80000,0x00000000e1533190,0x00000000e1f00000)
  to   space 15360K, 0% used [0x00000000e1f00000,0x00000000e1f00000,0x00000000e2e00000)
 ParOldGen       total 60416K, used 22202K [0x0000000081400000, 0x0000000084f00000, 0x00000000d5c00000)
  object space 60416K, 36% used [0x0000000081400000,0x00000000829ae8d0,0x0000000084f00000)
 Metaspace       used 38572K, capacity 40464K, committed 40616K, reserved 1085440K
  class space    used 5323K, capacity 5688K, committed 5800K, reserved 1048576K

Card table byte_map: [0x0000000012c20000,0x0000000013020000] byte_map_base: 0x0000000012816000

Marking Bits: (ParMarkBitMap*) 0x000000005cb02d00
 Begin Bits: [0x0000000013ad0000, 0x0000000015a80000)
 End Bits:   [0x0000000015a80000, 0x0000000017a30000)

Polling page: 0x0000000001320000

CodeCache: size=245760Kb used=8912Kb max_used=8912Kb free=236847Kb
 bounds [0x0000000003860000, 0x0000000004120000, 0x0000000012860000]
 total_blobs=4854 nmethods=4384 adapters=381
 compilation: enabled

Compilation events (10 events):
Event: 7.364 Thread 0x000000001b165000 nmethod 4409 0x0000000004111450 code [0x0000000004111660, 0x0000000004111ce8]
Event: 7.364 Thread 0x000000001b165000 4410       1       org.springframework.util.ClassUtils::getAllInterfacesForClassAsSet (106 bytes)
Event: 7.365 Thread 0x000000001b165000 nmethod 4410 0x0000000004112410 code [0x0000000004112660, 0x0000000004112eb8]
Event: 7.372 Thread 0x000000001b165000 4411       1       org.apache.logging.log4j.message.AbstractMessageFactory::<init> (5 bytes)
Event: 7.372 Thread 0x000000001b165000 nmethod 4411 0x0000000004113750 code [0x00000000041138a0, 0x00000000041139b0]
Event: 7.381 Thread 0x000000001b165000 4412       1       java.util.ServiceLoader::access$800 (5 bytes)
Event: 7.381 Thread 0x000000001b165000 nmethod 4412 0x0000000004114410 code [0x0000000004114560, 0x0000000004114650]
Event: 7.381 Thread 0x000000001b165000 4413       1       java.util.ServiceLoader::access$500 (5 bytes)
Event: 7.381 Thread 0x000000001b165000 nmethod 4413 0x00000000041146d0 code [0x0000000004114820, 0x0000000004114910]
Event: 7.382 Thread 0x000000001b165000 4414   !   1       org.springframework.beans.factory.support.ConstructorResolver::instantiateUsingFactoryMethod (1426 bytes)

GC Heap History (10 events):
Event: 4.288 GC heap before
{Heap before GC invocations=9 (full 1):
 PSYoungGen      total 136704K, used 135226K [0x00000000d5c00000, 0x00000000dfb80000, 0x0000000100000000)
  eden space 127488K, 100% used [0x00000000d5c00000,0x00000000dd880000,0x00000000dd880000)
  from space 9216K, 83% used [0x00000000dd880000,0x00000000de00e978,0x00000000de180000)
  to   space 9728K, 0% used [0x00000000df200000,0x00000000df200000,0x00000000dfb80000)
 ParOldGen       total 60416K, used 7830K [0x0000000081400000, 0x0000000084f00000, 0x00000000d5c00000)
  object space 60416K, 12% used [0x0000000081400000,0x0000000081ba5ba0,0x0000000084f00000)
 Metaspace       used 28552K, capacity 29622K, committed 29824K, reserved 1077248K
  class space    used 3915K, capacity 4155K, committed 4224K, reserved 1048576K
Event: 4.299 GC heap after
Heap after GC invocations=9 (full 1):
 PSYoungGen      total 152064K, used 9711K [0x00000000d5c00000, 0x00000000e2780000, 0x0000000100000000)
  eden space 142336K, 0% used [0x00000000d5c00000,0x00000000d5c00000,0x00000000de700000)
  from space 9728K, 99% used [0x00000000df200000,0x00000000dfb7bf60,0x00000000dfb80000)
  to   space 11264K, 0% used [0x00000000de700000,0x00000000de700000,0x00000000df200000)
 ParOldGen       total 60416K, used 9072K [0x0000000081400000, 0x0000000084f00000, 0x00000000d5c00000)
  object space 60416K, 15% used [0x0000000081400000,0x0000000081cdc238,0x0000000084f00000)
 Metaspace       used 28552K, capacity 29622K, committed 29824K, reserved 1077248K
  class space    used 3915K, capacity 4155K, committed 4224K, reserved 1048576K
}
Event: 4.924 GC heap before
{Heap before GC invocations=10 (full 1):
 PSYoungGen      total 152064K, used 152047K [0x00000000d5c00000, 0x00000000e2780000, 0x0000000100000000)
  eden space 142336K, 100% used [0x00000000d5c00000,0x00000000de700000,0x00000000de700000)
  from space 9728K, 99% used [0x00000000df200000,0x00000000dfb7bf60,0x00000000dfb80000)
  to   space 11264K, 0% used [0x00000000de700000,0x00000000de700000,0x00000000df200000)
 ParOldGen       total 60416K, used 9072K [0x0000000081400000, 0x0000000084f00000, 0x00000000d5c00000)
  object space 60416K, 15% used [0x0000000081400000,0x0000000081cdc238,0x0000000084f00000)
 Metaspace       used 32631K, capacity 34076K, committed 34304K, reserved 1079296K
  class space    used 4456K, capacity 4744K, committed 4864K, reserved 1048576K
Event: 4.940 GC heap after
Heap after GC invocations=10 (full 1):
 PSYoungGen      total 153600K, used 11263K [0x00000000d5c00000, 0x00000000e2e00000, 0x0000000100000000)
  eden space 142336K, 0% used [0x00000000d5c00000,0x00000000d5c00000,0x00000000de700000)
  from space 11264K, 99% used [0x00000000de700000,0x00000000df1ffef8,0x00000000df200000)
  to   space 15360K, 0% used [0x00000000e1f00000,0x00000000e1f00000,0x00000000e2e00000)
 ParOldGen       total 60416K, used 15444K [0x0000000081400000, 0x0000000084f00000, 0x00000000d5c00000)
  object space 60416K, 25% used [0x0000000081400000,0x00000000823150e0,0x0000000084f00000)
 Metaspace       used 32631K, capacity 34076K, committed 34304K, reserved 1079296K
  class space    used 4456K, capacity 4744K, committed 4864K, reserved 1048576K
}
Event: 5.214 GC heap before
{Heap before GC invocations=11 (full 1):
 PSYoungGen      total 153600K, used 63606K [0x00000000d5c00000, 0x00000000e2e00000, 0x0000000100000000)
  eden space 142336K, 36% used [0x00000000d5c00000,0x00000000d8f1d9d0,0x00000000de700000)
  from space 11264K, 99% used [0x00000000de700000,0x00000000df1ffef8,0x00000000df200000)
  to   space 15360K, 0% used [0x00000000e1f00000,0x00000000e1f00000,0x00000000e2e00000)
 ParOldGen       total 60416K, used 15444K [0x0000000081400000, 0x0000000084f00000, 0x00000000d5c00000)
  object space 60416K, 25% used [0x0000000081400000,0x00000000823150e0,0x0000000084f00000)
 Metaspace       used 33753K, capacity 35412K, committed 35496K, reserved 1081344K
  class space    used 4661K, capacity 5002K, committed 5032K, reserved 1048576K
Event: 5.228 GC heap after
Heap after GC invocations=11 (full 1):
 PSYoungGen      total 198144K, used 13267K [0x00000000d5c00000, 0x00000000e3780000, 0x0000000100000000)
  eden space 182784K, 0% used [0x00000000d5c00000,0x00000000d5c00000,0x00000000e0e80000)
  from space 15360K, 86% used [0x00000000e1f00000,0x00000000e2bf4f08,0x00000000e2e00000)
  to   space 16896K, 0% used [0x00000000e0e80000,0x00000000e0e80000,0x00000000e1f00000)
 ParOldGen       total 60416K, used 15452K [0x0000000081400000, 0x0000000084f00000, 0x00000000d5c00000)
  object space 60416K, 25% used [0x0000000081400000,0x00000000823170e0,0x0000000084f00000)
 Metaspace       used 33753K, capacity 35412K, committed 35496K, reserved 1081344K
  class space    used 4661K, capacity 5002K, committed 5032K, reserved 1048576K
}
Event: 5.228 GC heap before
{Heap before GC invocations=12 (full 2):
 PSYoungGen      total 198144K, used 13267K [0x00000000d5c00000, 0x00000000e3780000, 0x0000000100000000)
  eden space 182784K, 0% used [0x00000000d5c00000,0x00000000d5c00000,0x00000000e0e80000)
  from space 15360K, 86% used [0x00000000e1f00000,0x00000000e2bf4f08,0x00000000e2e00000)
  to   space 16896K, 0% used [0x00000000e0e80000,0x00000000e0e80000,0x00000000e1f00000)
 ParOldGen       total 60416K, used 15452K [0x0000000081400000, 0x0000000084f00000, 0x00000000d5c00000)
  object space 60416K, 25% used [0x0000000081400000,0x00000000823170e0,0x0000000084f00000)
 Metaspace       used 33753K, capacity 35412K, committed 35496K, reserved 1081344K
  class space    used 4661K, capacity 5002K, committed 5032K, reserved 1048576K
Event: 5.300 GC heap after
Heap after GC invocations=12 (full 2):
 PSYoungGen      total 198144K, used 0K [0x00000000d5c00000, 0x00000000e3780000, 0x0000000100000000)
  eden space 182784K, 0% used [0x00000000d5c00000,0x00000000d5c00000,0x00000000e0e80000)
  from space 15360K, 0% used [0x00000000e1f00000,0x00000000e1f00000,0x00000000e2e00000)
  to   space 16896K, 0% used [0x00000000e0e80000,0x00000000e0e80000,0x00000000e1f00000)
 ParOldGen       total 60416K, used 22194K [0x0000000081400000, 0x0000000084f00000, 0x00000000d5c00000)
  object space 60416K, 36% used [0x0000000081400000,0x00000000829ac8d0,0x0000000084f00000)
 Metaspace       used 33753K, capacity 35412K, committed 35496K, reserved 1081344K
  class space    used 4661K, capacity 5002K, committed 5032K, reserved 1048576K
}
Event: 7.162 GC heap before
{Heap before GC invocations=13 (full 2):
 PSYoungGen      total 198144K, used 182784K [0x00000000d5c00000, 0x00000000e3780000, 0x0000000100000000)
  eden space 182784K, 100% used [0x00000000d5c00000,0x00000000e0e80000,0x00000000e0e80000)
  from space 15360K, 0% used [0x00000000e1f00000,0x00000000e1f00000,0x00000000e2e00000)
  to   space 16896K, 0% used [0x00000000e0e80000,0x00000000e0e80000,0x00000000e1f00000)
 ParOldGen       total 60416K, used 22194K [0x0000000081400000, 0x0000000084f00000, 0x00000000d5c00000)
  object space 60416K, 36% used [0x0000000081400000,0x00000000829ac8d0,0x0000000084f00000)
 Metaspace       used 37988K, capacity 39816K, committed 39976K, reserved 1085440K
  class space    used 5259K, capacity 5608K, committed 5672K, reserved 1048576K
Event: 7.170 GC heap after
Heap after GC invocations=13 (full 2):
 PSYoungGen      total 199680K, used 6860K [0x00000000d5c00000, 0x00000000e3780000, 0x0000000100000000)
  eden space 182784K, 0% used [0x00000000d5c00000,0x00000000d5c00000,0x00000000e0e80000)
  from space 16896K, 40% used [0x00000000e0e80000,0x00000000e1533190,0x00000000e1f00000)
  to   space 15360K, 0% used [0x00000000e1f00000,0x00000000e1f00000,0x00000000e2e00000)
 ParOldGen       total 60416K, used 22202K [0x0000000081400000, 0x0000000084f00000, 0x00000000d5c00000)
  object space 60416K, 36% used [0x0000000081400000,0x00000000829ae8d0,0x0000000084f00000)
 Metaspace       used 37988K, capacity 39816K, committed 39976K, reserved 1085440K
  class space    used 5259K, capacity 5608K, committed 5672K, reserved 1048576K
}

Deoptimization events (0 events):
No events

Classes redefined (0 events):
No events

Internal exceptions (10 events):
Event: 7.361 Thread 0x00000000035ba000 Exception <a 'java/lang/ArrayIndexOutOfBoundsException'> (0x00000000d91e3718) thrown at [C:\re\workspace\8-2-build-windows-amd64-cygwin\jdk8u181\11358\hotspot\src\share\vm\runtime\sharedRuntime.cpp, line 605]
Event: 7.362 Thread 0x00000000035ba000 Exception <a 'java/lang/ArrayIndexOutOfBoundsException'> (0x00000000d91f6760) thrown at [C:\re\workspace\8-2-build-windows-amd64-cygwin\jdk8u181\11358\hotspot\src\share\vm\runtime\sharedRuntime.cpp, line 605]
Event: 7.362 Thread 0x00000000035ba000 Exception <a 'java/lang/ArrayIndexOutOfBoundsException'> (0x00000000d91f8a30) thrown at [C:\re\workspace\8-2-build-windows-amd64-cygwin\jdk8u181\11358\hotspot\src\share\vm\runtime\sharedRuntime.cpp, line 605]
Event: 7.362 Thread 0x00000000035ba000 Exception <a 'java/lang/ArrayIndexOutOfBoundsException'> (0x00000000d91fa970) thrown at [C:\re\workspace\8-2-build-windows-amd64-cygwin\jdk8u181\11358\hotspot\src\share\vm\runtime\sharedRuntime.cpp, line 605]
Event: 7.363 Thread 0x00000000035ba000 Exception <a 'java/lang/ClassNotFoundException': org/springframework/context/ResourceLoaderAwareCustomizer> (0x00000000d9228a08) thrown at [C:\re\workspace\8-2-build-windows-amd64-cygwin\jdk8u181\11358\hotspot\src\share\vm\classfile\systemDictionary.cpp, 
Event: 7.374 Thread 0x00000000035ba000 Exception <a 'java/lang/NoClassDefFoundError': reactor/core/publisher/Mono> (0x00000000d950b228) thrown at [C:\re\workspace\8-2-build-windows-amd64-cygwin\jdk8u181\11358\hotspot\src\share\vm\classfile\systemDictionary.cpp, line 199]
Event: 7.378 Thread 0x00000000035ba000 Exception <a 'java/lang/NoClassDefFoundError': org/reactivestreams/Publisher> (0x00000000d95b51c0) thrown at [C:\re\workspace\8-2-build-windows-amd64-cygwin\jdk8u181\11358\hotspot\src\share\vm\classfile\systemDictionary.cpp, line 199]
Event: 7.378 Thread 0x00000000035ba000 Exception <a 'java/lang/BootstrapMethodError'> (0x00000000d95b55b0) thrown at [C:\re\workspace\8-2-build-windows-amd64-cygwin\jdk8u181\11358\hotspot\src\share\vm\interpreter\linkResolver.cpp, line 1619]
Event: 7.379 Thread 0x00000000035ba000 Exception <a 'java/lang/NoClassDefFoundError': io/reactivex/Flowable> (0x00000000d95da710) thrown at [C:\re\workspace\8-2-build-windows-amd64-cygwin\jdk8u181\11358\hotspot\src\share\vm\classfile\systemDictionary.cpp, line 199]
Event: 7.385 Thread 0x00000000035ba000 Exception <a 'java/lang/ClassNotFoundException': java/lang/ObjectCustomizer> (0x00000000d96f0f00) thrown at [C:\re\workspace\8-2-build-windows-amd64-cygwin\jdk8u181\11358\hotspot\src\share\vm\classfile\systemDictionary.cpp, line 210]

Events (10 events):
Event: 7.384 loading class org/springframework/web/HttpMediaTypeNotAcceptableException
Event: 7.384 loading class org/springframework/web/HttpMediaTypeNotAcceptableException done
Event: 7.384 loading class org/springframework/web/HttpMediaTypeException
Event: 7.384 loading class org/springframework/web/HttpMediaTypeException done
Event: 7.385 loading class java/lang/ObjectCustomizer
Event: 7.385 loading class java/lang/ObjectCustomizer done
Event: 7.385 loading class java/lang/ObjectCustomizer
Event: 7.385 loading class java/lang/ObjectCustomizer done
Event: 7.385 loading class org/springframework/web/accept/ContentNegotiationManagerCustomizer
Event: 7.385 loading class org/springframework/web/accept/ContentNegotiationManagerCustomizer done


Dynamic libraries:
0x00007ff71af50000 - 0x00007ff71af87000 	D:\Java\jdk1.8.0_181\bin\java.exe
0x00007ffe5cf60000 - 0x00007ffe5d150000 	C:\Windows\SYSTEM32\ntdll.dll
0x00007ffe5c300000 - 0x00007ffe5c3b2000 	C:\Windows\System32\KERNEL32.DLL
0x00007ffe59ef0000 - 0x00007ffe5a193000 	C:\Windows\System32\KERNELBASE.dll
0x00007ffe5bde0000 - 0x00007ffe5be83000 	C:\Windows\System32\ADVAPI32.dll
0x00007ffe5c4e0000 - 0x00007ffe5c57e000 	C:\Windows\System32\msvcrt.dll
0x00007ffe5c440000 - 0x00007ffe5c4d7000 	C:\Windows\System32\sechost.dll
0x00007ffe5b280000 - 0x00007ffe5b3a0000 	C:\Windows\System32\RPCRT4.dll
0x00007ffe5b550000 - 0x00007ffe5b6e4000 	C:\Windows\System32\USER32.dll
0x00007ffe5af40000 - 0x00007ffe5af61000 	C:\Windows\System32\win32u.dll
0x00007ffe5b7d0000 - 0x00007ffe5b7f6000 	C:\Windows\System32\GDI32.dll
0x00007ffe5aa20000 - 0x00007ffe5abb4000 	C:\Windows\System32\gdi32full.dll
0x00007ffe5af70000 - 0x00007ffe5b00e000 	C:\Windows\System32\msvcp_win.dll
0x00007ffe5adc0000 - 0x00007ffe5aeba000 	C:\Windows\System32\ucrtbase.dll
0x00007ffe4d200000 - 0x00007ffe4d485000 	C:\Windows\WinSxS\amd64_microsoft.windows.common-controls_6595b64144ccf1df_6.0.18362.418_none_e6c6b287130d565d\COMCTL32.dll
0x00007ffe5be90000 - 0x00007ffe5c1c6000 	C:\Windows\System32\combase.dll
0x00007ffe5a920000 - 0x00007ffe5a9a0000 	C:\Windows\System32\bcryptPrimitives.dll
0x00007ffe5c6e0000 - 0x00007ffe5c70e000 	C:\Windows\System32\IMM32.DLL
0x000000005cb90000 - 0x000000005cc62000 	D:\Java\jdk1.8.0_181\jre\bin\msvcr100.dll
0x000000005c2e0000 - 0x000000005cb82000 	D:\Java\jdk1.8.0_181\jre\bin\server\jvm.dll
0x00007ffe5c5f0000 - 0x00007ffe5c5f8000 	C:\Windows\System32\PSAPI.DLL
0x00007ffe56630000 - 0x00007ffe56654000 	C:\Windows\SYSTEM32\WINMM.dll
0x00007ffe55bf0000 - 0x00007ffe55bf9000 	C:\Windows\SYSTEM32\WSOCK32.dll
0x00007ffe4f480000 - 0x00007ffe4f48a000 	C:\Windows\SYSTEM32\VERSION.dll
0x00007ffe5c580000 - 0x00007ffe5c5ef000 	C:\Windows\System32\WS2_32.dll
0x00007ffe56600000 - 0x00007ffe5662d000 	C:\Windows\SYSTEM32\WINMMBASE.dll
0x00007ffe5aef0000 - 0x00007ffe5af3a000 	C:\Windows\System32\cfgmgr32.dll
0x000000005c2d0000 - 0x000000005c2df000 	D:\Java\jdk1.8.0_181\jre\bin\verify.dll
0x000000005c2a0000 - 0x000000005c2c9000 	D:\Java\jdk1.8.0_181\jre\bin\java.dll
0x000000005c200000 - 0x000000005c223000 	D:\Java\jdk1.8.0_181\jre\bin\instrument.dll
0x000000005c280000 - 0x000000005c296000 	D:\Java\jdk1.8.0_181\jre\bin\zip.dll
0x00007ffe5c710000 - 0x00007ffe5cdf5000 	C:\Windows\System32\SHELL32.dll
0x00007ffe5c230000 - 0x00007ffe5c2d9000 	C:\Windows\System32\shcore.dll
0x00007ffe5a1a0000 - 0x00007ffe5a91f000 	C:\Windows\System32\windows.storage.dll
0x00007ffe59eb0000 - 0x00007ffe59ecf000 	C:\Windows\System32\profapi.dll
0x00007ffe59e40000 - 0x00007ffe59e8a000 	C:\Windows\System32\powrprof.dll
0x00007ffe59e30000 - 0x00007ffe59e40000 	C:\Windows\System32\UMPDC.dll
0x00007ffe5c1d0000 - 0x00007ffe5c222000 	C:\Windows\System32\shlwapi.dll
0x00007ffe59e90000 - 0x00007ffe59ea1000 	C:\Windows\System32\kernel.appcore.dll
0x00007ffe5aa00000 - 0x00007ffe5aa17000 	C:\Windows\System32\cryptsp.dll
0x00007ffe56ad0000 - 0x00007ffe56aea000 	D:\JetBrains\IntelliJ IDEA 2019.1.3\bin\breakgen64.dll
0x000000005c260000 - 0x000000005c27a000 	D:\Java\jdk1.8.0_181\jre\bin\net.dll
0x00007ffe596a0000 - 0x00007ffe59707000 	C:\Windows\system32\mswsock.dll
0x00007ffe593f0000 - 0x00007ffe594ba000 	C:\Windows\SYSTEM32\DNSAPI.dll
0x00007ffe5c600000 - 0x00007ffe5c608000 	C:\Windows\System32\NSI.dll
0x00007ffe593b0000 - 0x00007ffe593ea000 	C:\Windows\SYSTEM32\IPHLPAPI.DLL
0x00007ffe4f940000 - 0x00007ffe4f94a000 	C:\Windows\System32\rasadhlp.dll
0x00007ffe52c20000 - 0x00007ffe52c97000 	C:\Windows\System32\fwpuclnt.dll
0x00007ffe5aec0000 - 0x00007ffe5aee6000 	C:\Windows\System32\bcrypt.dll
0x000000005c230000 - 0x000000005c23d000 	D:\Java\jdk1.8.0_181\jre\bin\management.dll
0x000000005c240000 - 0x000000005c251000 	D:\Java\jdk1.8.0_181\jre\bin\nio.dll
0x00007ffe59210000 - 0x00007ffe59243000 	C:\Windows\system32\rsaenh.dll
0x00007ffe59d50000 - 0x00007ffe59d75000 	C:\Windows\SYSTEM32\USERENV.dll
0x00007ffe59870000 - 0x00007ffe5987c000 	C:\Windows\SYSTEM32\CRYPTBASE.dll
0x00007ffe52e80000 - 0x00007ffe52e96000 	C:\Windows\SYSTEM32\dhcpcsvc6.DLL
0x00007ffe54530000 - 0x00007ffe5454c000 	C:\Windows\SYSTEM32\dhcpcsvc.DLL
0x00007ffe4b440000 - 0x00007ffe4b456000 	C:\Windows\system32\napinsp.dll
0x00007ffe4b420000 - 0x00007ffe4b43a000 	C:\Windows\system32\pnrpnsp.dll
0x00007ffe4b410000 - 0x00007ffe4b41e000 	C:\Windows\System32\winrnr.dll
0x00007ffe56a90000 - 0x00007ffe56aac000 	C:\Windows\system32\NLAapi.dll
0x00007ffe4b3f0000 - 0x00007ffe4b405000 	C:\Windows\system32\wshbth.dll
0x0000000180000000 - 0x0000000180282000 	D:\Java\apache-tomcat-8.5.47\bin\tcnative-1.dll
0x00007ffe5ac70000 - 0x00007ffe5adb9000 	C:\Windows\System32\CRYPT32.dll
0x00007ffe59ed0000 - 0x00007ffe59ee2000 	C:\Windows\System32\MSASN1.dll

VM Arguments:
jvm_args: -XX:TieredStopAtLevel=1 -Xverify:none -Dspring.output.ansi.enabled=always -Dcom.sun.management.jmxremote -Dspring.jmx.enabled=true -Dspring.liveBeansView.mbeanDomain -Dspring.application.admin.enabled=true -javaagent:D:\JetBrains\IntelliJ IDEA 2019.1.3\lib\idea_rt.jar=1310:D:\JetBrains\IntelliJ IDEA 2019.1.3\bin -Dfile.encoding=UTF-8 
java_command: com.leyou.LeyouItemApplication
java_class_path (initial): D:\Java\jdk1.8.0_181\jre\lib\charsets.jar;D:\Java\jdk1.8.0_181\jre\lib\deploy.jar;D:\Java\jdk1.8.0_181\jre\lib\ext\access-bridge-64.jar;D:\Java\jdk1.8.0_181\jre\lib\ext\cldrdata.jar;D:\Java\jdk1.8.0_181\jre\lib\ext\dnsns.jar;D:\Java\jdk1.8.0_181\jre\lib\ext\jaccess.jar;D:\Java\jdk1.8.0_181\jre\lib\ext\jfxrt.jar;D:\Java\jdk1.8.0_181\jre\lib\ext\localedata.jar;D:\Java\jdk1.8.0_181\jre\lib\ext\nashorn.jar;D:\Java\jdk1.8.0_181\jre\lib\ext\sunec.jar;D:\Java\jdk1.8.0_181\jre\lib\ext\sunjce_provider.jar;D:\Java\jdk1.8.0_181\jre\lib\ext\sunmscapi.jar;D:\Java\jdk1.8.0_181\jre\lib\ext\sunpkcs11.jar;D:\Java\jdk1.8.0_181\jre\lib\ext\zipfs.jar;D:\Java\jdk1.8.0_181\jre\lib\javaws.jar;D:\Java\jdk1.8.0_181\jre\lib\jce.jar;D:\Java\jdk1.8.0_181\jre\lib\jfr.jar;D:\Java\jdk1.8.0_181\jre\lib\jfxswt.jar;D:\Java\jdk1.8.0_181\jre\lib\jsse.jar;D:\Java\jdk1.8.0_181\jre\lib\management-agent.jar;D:\Java\jdk1.8.0_181\jre\lib\plugin.jar;D:\Java\jdk1.8.0_181\jre\lib\resources.jar;D:\Java\jdk1.8.0_181\jre\lib\rt.jar;G:\CoderLife\leyou\leyou-item\leyou-item-service\target\classes;D:\Java\maven_repository\org\springframework\cloud\spring-cloud-starter-netflix-eureka-client\2.0.2.RELEASE\spring-cloud-starter-netflix-eureka-client-2.0.2.RELEASE.jar;D:\Java\maven_repository\org\springframework\cloud\spring-cloud-starter\2.0.2.RELEASE\spring-cloud-starter-2.0.2.RELEASE.jar;D:\Java\maven_repository\org\springframework\cloud\spring-cloud-context\2.0.2.RELEASE\spring-cloud-context-2.0.2.RELEASE.jar;D:\Java\maven_repository\org\springframework\security\spring-security-crypto\5.0.9.RELEASE\spring-security-crypto-5.0.9.RELEASE.jar;D:\Java\maven_repository\org\springframework\cloud\spring-cloud-commons\2.0.2.RELEASE\spring-cloud-commons-2.0.2.RELEASE.jar;D:\Java\maven_repository\org\springframework\security\spring-security-rsa\1.0.7.RELEASE\spring-security-rsa-1.0.7.RELEASE.jar;D:\Java\maven_repository\org\bouncycastle\bcpkix-jdk15on\1.60\bcpkix-jdk15on-1.60.jar;D:\Java\maven_repos
Launcher Type: SUN_STANDARD

Environment Variables:
JAVA_HOME=D:\Java\jdk1.8.0_181
CLASSPATH=.;D:\Java\jdk1.8.0_181\lib;D:\Java\jdk1.8.0_181\lib\tools.jar
PATH=D:\Java\jdk1.8.0_181\bin;C:\Program Files (x86)\Common Files\Oracle\Java\javapath;C:\Windows\system32;C:\Windows;C:\Windows\System32\Wbem;C:\Windows\System32\WindowsPowerShell\v1.0\;C:\Windows\System32\OpenSSH\;%MYSQL_HOME%\bin;D:\Java\apache-maven-3.5.2\bin;D:\Java\apache-tomcat-8.5.47\bin;D:\Git\cmd;D:\Java\nodejs\;C:\Users\lss\AppData\Local\Microsoft\WindowsApps;D:\Bandizip\;D:\JetBrains\IntelliJ IDEA 2019.1.3\bin;;C:\Users\lss\AppData\Roaming\npm
USERNAME=lss
OS=Windows_NT
PROCESSOR_IDENTIFIER=Intel64 Family 6 Model 60 Stepping 3, GenuineIntel



---------------  S Y S T E M  ---------------

OS: Windows 10.0 , 64 bit Build 18362 (10.0.18362.329)

CPU:total 8 (initial active 8) (4 cores per cpu, 2 threads per core) family 6 model 60 stepping 3, cmov, cx8, fxsr, mmx, sse, sse2, sse3, ssse3, sse4.1, sse4.2, popcnt, avx, avx2, aes, clmul, erms, lzcnt, ht, tsc, tscinvbit, bmi1, bmi2

Memory: 4k page, physical 8298776k(503908k free), swap 18701972k(20k free)

vm_info: Java HotSpot(TM) 64-Bit Server VM (25.181-b13) for windows-amd64 JRE (1.8.0_181-b13), built on Jul  7 2018 04:01:33 by "java_re" with MS VC++ 10.0 (VS2010)

time: Sat Oct 26 16:37:09 2019
elapsed time: 7 seconds (0d 0h 0m 7s)

